collecting data... press Ctrl-C to stop.
intervals for read -- min:0us avg:3us max:86us count:888
value |-------------------------------------------------- count
    0 |                                                     7
    1 |@@@@@@@@@                                           97
    2 |@@@@@@@@@@@@@@@@@@@@@@@@@@@@@@@@@@@@@@@@@@@@@      456
    4 |@@@@@@@@@@@@@@@@@@@@@@@@@                          258
    8 |@@@@@@                                              66
   16 |                                                     2
   32 |                                                     1
   64 |                                                     1
  128 |                                                     0
  256 |                                                     0

intervals for open -- min:29us avg:166us max:407us count:3
value |-------------------------------------------------- count
    4 |                                                   0
    8 |                                                   0
   16 |@                                                  1
   32 |                                                   0
   64 |@                                                  1
  128 |                                                   0
  256 |@                                                  1
  512 |                                                   0
 1024 |                                                   0

intervals for write -- min:0us avg:11us max:261us count:817
value |-------------------------------------------------- count
    0 |@                                                   10
    1 |@@@@@                                               41
    2 |@@@@@                                               41
    4 |@@@@@@@@@@@@@@@@@@@@@@@@@@@@@@@                    220
    8 |@@@@@@@@@@@@@@@@@@@@@@@@@@@@@@@@@@@@@@@@@@@@@@@    329
   16 |@@@@@@@@@@@@@@@@@@@@@@@                            162
   32 |                                                     5
   64 |                                                     4
  128 |                                                     4
  256 |                                                     1
  512 |                                                     0
 1024 |                                                     0

intervals for close -- min:0us avg:1us max:3us count:10
value |-------------------------------------------------- count
    0 |@                                                  1
    1 |@@@@@@@                                            7
    2 |@@                                                 2
    4 |                                                   0
    8 |                                                   0

                            ***************<>***************
intervals for mmap -- min:1us avg:3us max:7us count:24
value |-------------------------------------------------- count
    0 |                                                    0
    1 |@@@@                                                4
    2 |@@@@@@@@                                            8
    4 |@@@@@@@@@@@@                                       12
    8 |                                                    0
   16 |                                                    0

intervals for read -- min:0us avg:3031us max:643549us count:1064
  value |-------------------------------------------------- count
      0 |@@@@@                                               53
      1 |@@@@@@@@@@@@@@@@                                   164
      2 |@@@@@@@@@@@@@@@@@@@@@@@@@@@@@@@@@@@@@@@@@@@@@@     461
      4 |@@@@@@@@@@@@@@@@@@@@@@@@@                          252
      8 |@@@@@@@@@@                                         102
     16 |                                                     4
     32 |                                                     3
     64 |                                                     0
    128 |                                                     4
    256 |                                                     3
    512 |                                                     1
   1024 |                                                     1
   2048 |                                                     4
   4096 |                                                     1
   8192 |                                                     1
  16384 |                                                     1
  32768 |                                                     3
  65536 |                                                     0
 131072 |                                                     0
 262144 |                                                     3
 524288 |                                                     3
1048576 |                                                     0
2097152 |                                                     0

intervals for open -- min:2us avg:18us max:480us count:50
value |-------------------------------------------------- count
    0 |                                                    0
    1 |                                                    0
    2 |@@@@@@@@@                                           9
    4 |@@@@@@@@@@@@@@@@@@@@@                              21
    8 |@@@@@@@@@@@@@@                                     14
   16 |@@@                                                 3
   32 |@@                                                  2
   64 |                                                    0
  128 |                                                    0
  256 |@                                                   1
  512 |                                                    0
 1024 |                                                    0

intervals for write -- min:0us avg:9us max:204us count:905
value |-------------------------------------------------- count
    0 |@@@@                                                30
    1 |@@@@@@@@@@@                                         83
    2 |@@@@@@@@@@@@@                                       91
    4 |@@@@@@@@@@@@@@@@@@@@@@@@@@@@@@@@@@                 239
    8 |@@@@@@@@@@@@@@@@@@@@@@@@@@@@@@@@@@@@@@@@@@@        304
   16 |@@@@@@@@@@@@@@@@@@@@                               140
   32 |@                                                   10
   64 |                                                     6
  128 |                                                     2
  256 |                                                     0
  512 |                                                     0

intervals for close -- min:0us avg:1us max:37us count:198
value |-------------------------------------------------- count
    0 |@@@@@@@@@@@@@@@@@@@@@@                             45
    1 |@@@@@@@@@@@@@@@@@@@@@@@@@@@@@@@@@@@@@@@@@@@@@@@@   96
    2 |@@@@@@@@@@@@@@@@@@@@                               41
    4 |@@@@@@@                                            14
    8 |                                                    1
   16 |                                                    0
   32 |                                                    1
   64 |                                                    0
  128 |                                                    0

                            ***************<>***************
intervals for mmap -- min:1us avg:3us max:7us count:48
value |-------------------------------------------------- count
    0 |                                                    0
    1 |@@@@@@@@@@@                                        11
    2 |@@@@@@@@@@@@@                                      13
    4 |@@@@@@@@@@@@@@@@@@@@@@@@                           24
    8 |                                                    0
   16 |                                                    0

intervals for read -- min:0us avg:4358us max:619034us count:1174
  value |-------------------------------------------------- count
      0 |@@@@                                                52
      1 |@@@@@@@@@@@@@@@@@@                                 200
      2 |@@@@@@@@@@@@@@@@@@@@@@@@@@@@@@@@@@@@@@@@@@@@@@     510
      4 |@@@@@@@@@@@@@@@@@@@@@                              234
      8 |@@@@@@@@@@@                                        126
     16 |                                                     4
     32 |                                                     3
     64 |                                                     0
    128 |                                                    10
    256 |                                                     2
    512 |                                                     3
   1024 |                                                     7
   2048 |                                                     9
   4096 |                                                     2
   8192 |                                                     0
  16384 |                                                     0
        ~
  65536 |                                                     0
 131072 |                                                     0
 262144 |                                                    10
 524288 |                                                     2
1048576 |                                                     0
2097152 |                                                     0

intervals for open -- min:2us avg:5us max:28us count:73
value |-------------------------------------------------- count
    0 |                                                    0
    1 |                                                    0
    2 |@@@                                                 7
    4 |@@@@@@@@@@@@@@@@@@@@@@@@@@@@@@                     61
    8 |@@                                                  4
   16 |                                                    1
   32 |                                                    0
   64 |                                                    0

intervals for write -- min:0us avg:11us max:640us count:941
value |-------------------------------------------------- count
    0 |@@@@@                                               35
    1 |@@@@@@@@@@                                          71
    2 |@@@@@@@@@@                                          74
    4 |@@@@@@@@@@@@@@@@@@@@@@@@@@@@@@@@@@@@@              260
    8 |@@@@@@@@@@@@@@@@@@@@@@@@@@@@@@@@@@@@@@@@@@@@@@@@@  349
   16 |@@@@@@@@@@@@@@@@@@@                                135
   32 |@                                                    8
   64 |                                                     4
  128 |                                                     3
  256 |                                                     0
  512 |                                                     2
 1024 |                                                     0
 2048 |                                                     0

intervals for close -- min:0us avg:1us max:49us count:375
value |-------------------------------------------------- count
    0 |@@@@@@@@@@@@@@@@@@@@@@                             111
    1 |@@@@@@@@@@@@@@@@@@@@@@@@@@@@@@@@@@@@@@@@@          205
    2 |@@@@@@@@@@                                          52
    4 |@                                                    5
    8 |                                                     0
   16 |                                                     0
   32 |                                                     2
   64 |                                                     0
  128 |                                                     0

                            ***************<>***************
^Cintervals for mmap -- min:1us avg:3us max:8us count:24
value |-------------------------------------------------- count
    0 |                                                    0
    1 |@@@                                                 3
    2 |@@@@@@@@@                                           9
    4 |@@@@@@@@@@@                                        11
    8 |@                                                   1
   16 |                                                    0
   32 |                                                    0

intervals for read -- min:0us avg:1630us max:435393us count:1191
  value |-------------------------------------------------- count
      0 |@@@@@                                               62
      1 |@@@@@@@@@@@@@@@@@@                                 208
      2 |@@@@@@@@@@@@@@@@@@@@@@@@@@@@@@@@@@@@@@@@@@@@@@@    519
      4 |@@@@@@@@@@@@@@@@@@@@@@@@                           270
      8 |@@@@@@@@                                            95
     16 |                                                     8
     32 |                                                     3
     64 |                                                     2
    128 |                                                     4
    256 |                                                     4
    512 |                                                     1
   1024 |                                                     5
   2048 |                                                     4
   4096 |                                                     0
   8192 |                                                     1
  16384 |                                                     0
  32768 |                                                     0
  65536 |                                                     0
 131072 |                                                     0
 262144 |                                                     5
 524288 |                                                     0
1048576 |                                                     0

intervals for open -- min:2us avg:9us max:56us count:39
value |-------------------------------------------------- count
    0 |                                                    0
    1 |                                                    0
    2 |@@                                                  2
    4 |@@@@@@@@@@@@@@@@@@@@@@@@                           24
    8 |@@@@@@@@@@                                         10
   16 |                                                    0
   32 |@@@                                                 3
   64 |                                                    0
  128 |                                                    0

intervals for write -- min:0us avg:10us max:279us count:1001
value |-------------------------------------------------- count
    0 |@@@                                                 28
    1 |@@@@@@@@@@@@                                       101
    2 |@@@@@@@                                             61
    4 |@@@@@@@@@@@@@@@@@@@@@@@@@@@@@@@@@@                 276
    8 |@@@@@@@@@@@@@@@@@@@@@@@@@@@@@@@@@@@@@@@@@@@@@      365
   16 |@@@@@@@@@@@@@@@@@@                                 148
   32 |                                                     6
   64 |@                                                   10
  128 |                                                     5
  256 |                                                     1
  512 |                                                     0
 1024 |                                                     0

intervals for close -- min:0us avg:1us max:5us count:189
value |-------------------------------------------------- count
    0 |@@@@@@@@@@@@@@@@@@@@@@@@@@@@@                      58
    1 |@@@@@@@@@@@@@@@@@@@@@@@@@@@@@@@@@@@@@@@@@@@@@      90
    2 |@@@@@@@@@@@@@@@@@@                                 36
    4 |@@                                                  5
    8 |                                                    0
   16 |                                                    0

                            ***************<>***************
intervals for read -- min:2us avg:3us max:5us count:6
value |-------------------------------------------------- count
    0 |                                                   0
    1 |                                                   0
    2 |@@@@                                               4
    4 |@@                                                 2
    8 |                                                   0
   16 |                                                   0

intervals for write -- min:5us avg:11us max:20us count:6
value |-------------------------------------------------- count
    1 |                                                   0
    2 |                                                   0
    4 |@@                                                 2
    8 |@@@                                                3
   16 |@                                                  1
   32 |                                                   0
   64 |                                                   0


Total Result:
intervals for mmap -- min:1us avg:3us max:8us count:96
value |-------------------------------------------------- count
    0 |                                                    0
    1 |@@@@@@@@@@@@@@@@@@                                 18
    2 |@@@@@@@@@@@@@@@@@@@@@@@@@@@@@@                     30
    4 |@@@@@@@@@@@@@@@@@@@@@@@@@@@@@@@@@@@@@@@@@@@@@@@    47
    8 |@                                                   1
   16 |                                                    0
   32 |                                                    0

intervals for read -- min:0us avg:2379us max:643549us count:4323
  value |-------------------------------------------------- count
      0 |@@@@                                                174
      1 |@@@@@@@@@@@@@@@@@                                   669
      2 |@@@@@@@@@@@@@@@@@@@@@@@@@@@@@@@@@@@@@@@@@@@@@@@@@@ 1950
      4 |@@@@@@@@@@@@@@@@@@@@@@@@@@                         1016
      8 |@@@@@@@@@                                           389
     16 |                                                     18
     32 |                                                     10
     64 |                                                      3
    128 |                                                     18
    256 |                                                      9
    512 |                                                      5
   1024 |                                                     13
   2048 |                                                     17
   4096 |                                                      3
   8192 |                                                      2
  16384 |                                                      1
  32768 |                                                      3
  65536 |                                                      0
 131072 |                                                      0
 262144 |                                                     18
 524288 |                                                      5
1048576 |                                                      0
2097152 |                                                      0

intervals for open -- min:2us avg:13us max:480us count:165
value |-------------------------------------------------- count
    0 |                                                     0
    1 |                                                     0
    2 |@@@@@@                                              18
    4 |@@@@@@@@@@@@@@@@@@@@@@@@@@@@@@@@@@@                106
    8 |@@@@@@@@@                                           28
   16 |@                                                    5
   32 |@                                                    5
   64 |                                                     1
  128 |                                                     0
  256 |                                                     2
  512 |                                                     0
 1024 |                                                     0

intervals for write -- min:0us avg:10us max:640us count:3670
value |-------------------------------------------------- count
    0 |@@@                                                 103
    1 |@@@@@@@@@@                                          296
    2 |@@@@@@@@@                                           267
    4 |@@@@@@@@@@@@@@@@@@@@@@@@@@@@@@@@@@@@                997
    8 |@@@@@@@@@@@@@@@@@@@@@@@@@@@@@@@@@@@@@@@@@@@@@@@@@@ 1350
   16 |@@@@@@@@@@@@@@@@@@@@@                               586
   32 |@                                                    29
   64 |                                                     24
  128 |                                                     14
  256 |                                                      2
  512 |                                                      2
 1024 |                                                      0
 2048 |                                                      0

intervals for close -- min:0us avg:1us max:49us count:772
value |-------------------------------------------------- count
    0 |@@@@@@@@@@@@@@@@@@@@@@@@@@                         215
    1 |@@@@@@@@@@@@@@@@@@@@@@@@@@@@@@@@@@@@@@@@@@@@@@@@@  398
    2 |@@@@@@@@@@@@@@@@                                   131
    4 |@@@                                                 24
    8 |                                                     1
   16 |                                                     0
   32 |                                                     3
   64 |                                                     0
  128 |                                                     0

